<?xml version="1.0" encoding="UTF-8"?>
<testng-results ignored="0" total="1" passed="1" failed="0" skipped="0">
  <reporter-output>
  </reporter-output>
  <suite started-at="2023-12-28T21:31:38 IST" name="Default suite" finished-at="2023-12-28T21:32:01 IST" duration-ms="22900">
    <groups>
    </groups>
    <test started-at="2023-12-28T21:31:38 IST" name="Default test" finished-at="2023-12-28T21:32:01 IST" duration-ms="22900">
      <class name="opportunities_module.CreateOpportunityTest">
        <test-method is-config="true" signature="bsConfig()[pri:0, instance:opportunities_module.CreateOpportunityTest@55141def]" started-at="2023-12-28T21:31:38 IST" name="bsConfig" finished-at="2023-12-28T21:31:38 IST" duration-ms="12" status="PASS">
          <reporter-output>
          </reporter-output>
        </test-method> <!-- bsConfig -->
        <test-method is-config="true" signature="bcConfig()[pri:0, instance:opportunities_module.CreateOpportunityTest@55141def]" started-at="2023-12-28T21:31:38 IST" name="bcConfig" finished-at="2023-12-28T21:31:41 IST" duration-ms="2679" status="PASS">
          <reporter-output>
          </reporter-output>
        </test-method> <!-- bcConfig -->
        <test-method is-config="true" signature="bmConfig()[pri:0, instance:opportunities_module.CreateOpportunityTest@55141def]" started-at="2023-12-28T21:31:41 IST" name="bmConfig" finished-at="2023-12-28T21:31:43 IST" duration-ms="2101" status="PASS">
          <reporter-output>
          </reporter-output>
        </test-method> <!-- bmConfig -->
        <test-method signature="createOpportunityAndVerifyTest()[pri:0, instance:opportunities_module.CreateOpportunityTest@55141def]" started-at="2023-12-28T21:31:43 IST" name="createOpportunityAndVerifyTest" finished-at="2023-12-28T21:31:58 IST" duration-ms="14794" status="PASS">
          <reporter-output>
          </reporter-output>
        </test-method> <!-- createOpportunityAndVerifyTest -->
        <test-method is-config="true" signature="amConfig()[pri:0, instance:opportunities_module.CreateOpportunityTest@55141def]" started-at="2023-12-28T21:31:58 IST" name="amConfig" finished-at="2023-12-28T21:32:01 IST" duration-ms="2909" status="PASS">
          <reporter-output>
          </reporter-output>
        </test-method> <!-- amConfig -->
        <test-method is-config="true" signature="acConfig()[pri:0, instance:opportunities_module.CreateOpportunityTest@55141def]" started-at="2023-12-28T21:32:01 IST" name="acConfig" finished-at="2023-12-28T21:32:01 IST" duration-ms="361" status="PASS">
          <reporter-output>
          </reporter-output>
        </test-method> <!-- acConfig -->
        <test-method is-config="true" signature="asConfig()[pri:0, instance:opportunities_module.CreateOpportunityTest@55141def]" started-at="2023-12-28T21:32:01 IST" name="asConfig" finished-at="2023-12-28T21:32:01 IST" duration-ms="0" status="PASS">
          <reporter-output>
          </reporter-output>
        </test-method> <!-- asConfig -->
      </class> <!-- opportunities_module.CreateOpportunityTest -->
    </test> <!-- Default test -->
  </suite> <!-- Default suite -->
</testng-results>
